=======Tag标签==========

s.search.bilibili.com/main/hotword?appkey=1d8b6e7d45233436&build=426003&mobi_app=android&platform=android&sign=3d0104bb6fe22ae80e98a223b70bad6f


=======Bangumi=========

bangumi.bilibili.com/api/bangumi_recommend?appkey=1d8b6e7d45233436&build=427000&cursor=-1&mobi_app=android&pagesize=10&platform=android&ts=1 475775549000&sign=15d14d65d0112e008c0d657a6e6537e3

bangumi.bilibili.com/api/app_index_page_v4_2?access_key=aaf09cc830d3651f321acde4b8d55042&appkey=1d8b6e7d45233436&build=427000&mobi_app=android&platform=android&ts=1475775549000&sign=603d5d519a6682f2737041578f7bd179

bangumi.bilibili.com/api/bangumi_update_count?access_key=aaf09cc830d3651f321acde4b8d55042&appkey=1d8b6e7d45233436&build=427000&mid=219769&mobi_app=android&platform=android&ts=1475775549000&sign=7bef098dd3c59e78d170158ff8f18155


======Live=======

live.bilibili.com/AppNewIndex/recommend?_device=android&_hwid=9ec238cf481b1087&_ulv=10000&access_key=aaf09cc830d3651f321acde4b8d55042&appkey=1d8b6e7d45233436&build=427000&mobi_app=android&platform=android&scale=xxhdpi&sign=7d65e5babe7d84cc661c81947bfe9aa2

live.bilibili.com/AppNewIndex/common?_device=android&platform=android&scale=xxhdpi


live.bilibili.com/AppIndex/home?_device=android&_hwid=51e96f5f2f54d5f9&_ulv=10000&access_key=563d6046f06289cbdcb472601ce5a761&appkey=c1b107428d337928&build=410000&platform=android&scale=xxhdpi&sign=fbdcfe141853f7e2c84c4d401f6a8758



======Detail======

api.bilibili.com/x/v2/reply?_device=android&_hwid=9ec238cf481b1087&_ulv=10000&access_key=e432917206940f2cbca17c2bd63cbce9&appkey=1d8b6e7d45233436&build=427000&mobi_app=android&oid=6561508&platform=android&pn=1&ps=20&sort=0&type=1&sign=a21da7b403146bd780a1586382de6014

elec.bilibili.com/api/elec.list.do?act=appkey&appkey=1d8b6e7d45233436&build=427000&goods_id=1&mobi_app=android&platform=android&ts=1475892334000&sign=82d0861910ad3487ba9334f2f3e2f16f

message.bilibili.com/api/notify/query.notify.count.do?access_key=e432917206940f2cbca17c2bd63cbce9&actionKey=appkey&appkey=1d8b6e7d45233436&build=427000&mobi_app=android&platform=android&ts=1475892468000&sign=6adb2aa91e93988bf60e0a58768a9e7a

comment.bilibili.com/10588947.xml

//加载更多评论
api.bilibili.com/x/v2/reply?_device=android&_hwid=9ec238cf481b1087&appkey=1d8b6e7d45233436&build=427000&mobi_app=android&oid=6509644&platform=android&pn=2&ps=20&sort=0&type=1&sign=ae8e0a3d30c7d912b1aac0156193e119

api.bilibili.com/x/v2/reply?_device=android&_hwid=9ec238cf481b1087&appkey=1d8b6e7d45233436&build=427000&mobi_app=android&oid=6509644&platform=android&pn=1&ps=20&sort=0&type=1&sign=7949bb7cd12987674000111830125fef





bangumi.bilibili.com/api/bangumi_recommend?appkey=85eb6835b0a1034e&build=426003&cursor=-1&mobi_app=android&pagesize=10&platform=android&ts=1475776007712&sign=902c91e65f5bf617e59e2cbb21310772

bangumi.bilibili.com/api/bangumi_recommend?appkey=1d8b6e7d45233436&build=427000&cursor=-1&mobi_app=android&pagesize=10&platform=android&ts=1475775549000&sign=15d14d65d0112e008c0d657a6e6537e3


//热门
app.bilibili.com/bangumi/index_recommend?_device=android&_hwid=9ec238cf481b1087&_ulv=10000&access_key=62cf0587791729322f9dd6983ef0c273&appkey=1d8b6e7d45233436&build=427000&mobi_app=android&platform=android&screen=xxhdpi&ts=1476348425000&sign=233aa2529be11a63ceb402bbdf8f6de3

app.bilibili.com/x/show/hot/old?platform=android&device=&build=427000&ts=1476348425000&access_key=62cf0587791729322f9dd6983ef0c273

//直播
app.bilibili.com/x/show/live?access_key=62cf0587791729322f9dd6983ef0c273&appkey=1d8b6e7d45233436&build=427000&channel=wandoujia&mobi_app=android&plat=0&platform=android&rand=1&ts=1476351704000&sign=89b1e00855d71b066ca3897701d38503

//动画
www.bilibili.com/index/ding/1.json?access_key=62cf0587791729322f9dd6983ef0c273&appkey=1d8b6e7d45233436&build=427000&mobi_app=android&platform=android&sign=ccde3a0c2e01cb24bfb6a6557f06af34

//音乐区
www.bilibili.com/index/ding/3.json?access_key=62cf0587791729322f9dd6983ef0c273&appkey=1d8b6e7d45233436&build=427000&mobi_app=android&platform=android&sign=ccde3a0c2e01cb24bfb6a6557f06af34

www.bilibili.com/index/ding/1.json?access_key=62cf0587791729322f9dd6983ef0c273&appkey=1d8b6e7d45233436&build=427000&mobi_app=android&platform=android&sign=ccde3a0c2e01cb24bfb6a6557f06af34
